  [1m[35m (240.5ms)[0m  [1m[35mCREATE DATABASE "youve_changed_development" ENCODING = 'unicode'[0m
  ↳ /Users/dee/.rbenv/versions/2.4.1/bin/rake:22
  [1m[35m (96.4ms)[0m  [1m[35mCREATE DATABASE "youve_changed_test" ENCODING = 'unicode'[0m
  ↳ /Users/dee/.rbenv/versions/2.4.1/bin/rake:22
  [1m[35m (31.6ms)[0m  [1m[35mCREATE TABLE "schema_migrations" ("version" character varying NOT NULL PRIMARY KEY)[0m
  ↳ /Users/dee/.rbenv/versions/2.4.1/bin/rake:22
  [1m[35m (20.6ms)[0m  [1m[35mCREATE TABLE "ar_internal_metadata" ("key" character varying NOT NULL PRIMARY KEY, "value" character varying, "created_at" timestamp NOT NULL, "updated_at" timestamp NOT NULL)[0m
  ↳ /Users/dee/.rbenv/versions/2.4.1/bin/rake:22
  [1m[35m (5.2ms)[0m  [1m[34mSELECT pg_try_advisory_lock(3453725740353918225)[0m
  ↳ /Users/dee/.rbenv/versions/2.4.1/bin/rake:22
  [1m[35m (0.4ms)[0m  [1m[34mSELECT "schema_migrations"."version" FROM "schema_migrations" ORDER BY "schema_migrations"."version" ASC[0m
  ↳ /Users/dee/.rbenv/versions/2.4.1/bin/rake:22
Migrating to CreateUsers (20150224031247)
  [1m[35m (0.3ms)[0m  [1m[34mSELECT pg_advisory_unlock(3453725740353918225)[0m
  ↳ /Users/dee/.rbenv/versions/2.4.1/bin/rake:22
  [1m[35m (0.1ms)[0m  [1m[34mSELECT pg_try_advisory_lock(3453725740353918225)[0m
  ↳ /Users/dee/.rbenv/versions/2.4.1/bin/rake:22
  [1m[35m (0.5ms)[0m  [1m[34mSELECT "schema_migrations"."version" FROM "schema_migrations" ORDER BY "schema_migrations"."version" ASC[0m
  ↳ /Users/dee/.rbenv/versions/2.4.1/bin/rake:22
Migrating to CreateUsers (20150224031247)
  [1m[35m (0.5ms)[0m  [1m[35mBEGIN[0m
  ↳ /Users/dee/.rbenv/versions/2.4.1/bin/rake:22
  [1m[35m (24.1ms)[0m  [1m[35mCREATE TABLE "users" ("id" serial NOT NULL PRIMARY KEY, "name" character varying, "email" character varying, "password_digest" character varying, "created_at" timestamp NOT NULL, "updated_at" timestamp NOT NULL)[0m
  ↳ db/migrate/20150224031247_create_users.rb:3
  [1m[36mActiveRecord::SchemaMigration Create (0.6ms)[0m  [1m[32mINSERT INTO "schema_migrations" ("version") VALUES ($1) RETURNING "version"[0m  [["version", "20150224031247"]]
  ↳ /Users/dee/.rbenv/versions/2.4.1/bin/rake:22
  [1m[35m (0.7ms)[0m  [1m[35mCOMMIT[0m
  ↳ /Users/dee/.rbenv/versions/2.4.1/bin/rake:22
  [1m[36mActiveRecord::InternalMetadata Load (0.4ms)[0m  [1m[34mSELECT  "ar_internal_metadata".* FROM "ar_internal_metadata" WHERE "ar_internal_metadata"."key" = $1 LIMIT $2[0m  [["key", "environment"], ["LIMIT", 1]]
  ↳ /Users/dee/.rbenv/versions/2.4.1/bin/rake:22
  [1m[35m (0.3ms)[0m  [1m[35mBEGIN[0m
  ↳ /Users/dee/.rbenv/versions/2.4.1/bin/rake:22
  [1m[36mActiveRecord::InternalMetadata Create (0.6ms)[0m  [1m[32mINSERT INTO "ar_internal_metadata" ("key", "value", "created_at", "updated_at") VALUES ($1, $2, $3, $4) RETURNING "key"[0m  [["key", "environment"], ["value", "development"], ["created_at", "2020-02-04 06:01:27.000755"], ["updated_at", "2020-02-04 06:01:27.000755"]]
  ↳ /Users/dee/.rbenv/versions/2.4.1/bin/rake:22
  [1m[35m (6.5ms)[0m  [1m[35mCOMMIT[0m
  ↳ /Users/dee/.rbenv/versions/2.4.1/bin/rake:22
  [1m[35m (0.3ms)[0m  [1m[34mSELECT pg_advisory_unlock(3453725740353918225)[0m
  ↳ /Users/dee/.rbenv/versions/2.4.1/bin/rake:22
  [1m[35m (0.3ms)[0m  [1m[34mSELECT "schema_migrations"."version" FROM "schema_migrations" ORDER BY "schema_migrations"."version" ASC[0m
  ↳ /Users/dee/.rbenv/versions/2.4.1/bin/rake:22
Started GET "/" for ::1 at 2020-02-03 23:02:31 -0700
  [1m[35m (0.5ms)[0m  [1m[34mSELECT "schema_migrations"."version" FROM "schema_migrations" ORDER BY "schema_migrations"."version" ASC[0m
  ↳ /Users/dee/.rbenv/versions/2.4.1/lib/ruby/gems/2.4.0/gems/activerecord-5.2.4/lib/active_record/log_subscriber.rb:98
Processing by WelcomeController#index as HTML
  Rendering welcome/index.html.erb within layouts/application
  Rendered welcome/index.html.erb within layouts/application (1.4ms)
Completed 200 OK in 387ms (Views: 378.8ms | ActiveRecord: 0.0ms)


Started GET "/login" for ::1 at 2020-02-03 23:02:56 -0700
Processing by SessionsController#new as HTML
  Rendering sessions/new.html.erb within layouts/application
  Rendered sessions/new.html.erb within layouts/application (0.7ms)
Completed 200 OK in 28ms (Views: 25.6ms | ActiveRecord: 0.0ms)


Started GET "/signup" for ::1 at 2020-02-03 23:02:58 -0700
Processing by UsersController#new as HTML
  Rendering users/new.html.erb within layouts/application
  Rendered users/new.html.erb within layouts/application (8.2ms)
Completed 200 OK in 33ms (Views: 29.2ms | ActiveRecord: 0.0ms)


Started GET "/login" for ::1 at 2020-02-03 23:03:00 -0700
Processing by SessionsController#new as HTML
  Rendering sessions/new.html.erb within layouts/application
  Rendered sessions/new.html.erb within layouts/application (0.7ms)
Completed 200 OK in 21ms (Views: 18.0ms | ActiveRecord: 0.0ms)


Started GET "/signup" for ::1 at 2020-02-03 23:03:36 -0700
Processing by UsersController#new as HTML
  Rendering users/new.html.erb within layouts/application
  Rendered users/new.html.erb within layouts/application (1.7ms)
Completed 200 OK in 30ms (Views: 25.8ms | ActiveRecord: 0.0ms)


Started POST "/users" for ::1 at 2020-02-03 23:04:16 -0700
Processing by UsersController#create as HTML
  Parameters: {"utf8"=>"✓", "authenticity_token"=>"q8cTxhrIarv3H5uSAakiSiIAlnXwSLGWjR749eQ5GpPaavs5gZGmPuNEtC5HIPCCtAqrzMO2B3i7ukxpEnzSOw==", "user"=>{"name"=>"Jane", "email"=>"jane@example.com", "password"=>"[FILTERED]", "password_confirmation"=>"[FILTERED]"}, "commit"=>"Submit"}
  [1m[35m (0.2ms)[0m  [1m[35mBEGIN[0m
  ↳ app/controllers/users_controller.rb:8
  [1m[36mUser Create (1.0ms)[0m  [1m[32mINSERT INTO "users" ("name", "email", "password_digest", "created_at", "updated_at") VALUES ($1, $2, $3, $4, $5) RETURNING "id"[0m  [["name", "Jane"], ["email", "jane@example.com"], ["password_digest", "$2a$12$fAEHQpcKVIO8Srw3Bi/ldet0CiMolhB2drUNoemaprk02iSn4jhDq"], ["created_at", "2020-02-04 06:04:17.002862"], ["updated_at", "2020-02-04 06:04:17.002862"]]
  ↳ app/controllers/users_controller.rb:8
  [1m[35m (4.7ms)[0m  [1m[35mCOMMIT[0m
  ↳ app/controllers/users_controller.rb:8
Redirected to http://localhost:3000/
Completed 302 Found in 252ms (ActiveRecord: 21.5ms)


Started GET "/" for ::1 at 2020-02-03 23:04:17 -0700
Processing by WelcomeController#index as HTML
  Rendering welcome/index.html.erb within layouts/application
  [1m[36mUser Load (2.4ms)[0m  [1m[34mSELECT  "users".* FROM "users" WHERE "users"."id" = $1 LIMIT $2[0m  [["id", 1], ["LIMIT", 1]]
  ↳ app/controllers/application_controller.rb:5
  Rendered welcome/index.html.erb within layouts/application (8.1ms)
Completed 200 OK in 31ms (Views: 25.2ms | ActiveRecord: 2.6ms)


Started GET "/" for ::1 at 2020-02-03 23:09:22 -0700
  [1m[35m (0.5ms)[0m  [1m[34mSELECT "schema_migrations"."version" FROM "schema_migrations" ORDER BY "schema_migrations"."version" ASC[0m
  ↳ /Users/dee/.rbenv/versions/2.4.1/lib/ruby/gems/2.4.0/gems/activerecord-5.2.4/lib/active_record/log_subscriber.rb:98
Processing by WelcomeController#index as HTML
  Rendering welcome/index.html.erb within layouts/application
  [1m[36mUser Load (0.4ms)[0m  [1m[34mSELECT  "users".* FROM "users" WHERE "users"."id" = $1 LIMIT $2[0m  [["id", 1], ["LIMIT", 1]]
  ↳ app/controllers/application_controller.rb:5
  Rendered welcome/index.html.erb within layouts/application (19.3ms)
Completed 200 OK in 185ms (Views: 168.3ms | ActiveRecord: 4.4ms)


Started POST "/notification" for ::1 at 2020-02-03 23:43:33 -0700
  [1m[35m (5.9ms)[0m  [1m[34mSELECT "schema_migrations"."version" FROM "schema_migrations" ORDER BY "schema_migrations"."version" ASC[0m
  ↳ /Users/dee/.rbenv/versions/2.4.1/lib/ruby/gems/2.4.0/gems/activerecord-5.2.4/lib/active_record/log_subscriber.rb:98
  
ActionController::RoutingError (No route matches [POST] "/notification"):
  
actionpack (5.2.4) lib/action_dispatch/middleware/debug_exceptions.rb:65:in `call'
web-console (3.7.0) lib/web_console/middleware.rb:135:in `call_app'
web-console (3.7.0) lib/web_console/middleware.rb:30:in `block in call'
web-console (3.7.0) lib/web_console/middleware.rb:20:in `catch'
web-console (3.7.0) lib/web_console/middleware.rb:20:in `call'
actionpack (5.2.4) lib/action_dispatch/middleware/show_exceptions.rb:33:in `call'
railties (5.2.4) lib/rails/rack/logger.rb:38:in `call_app'
railties (5.2.4) lib/rails/rack/logger.rb:26:in `block in call'
activesupport (5.2.4) lib/active_support/tagged_logging.rb:71:in `block in tagged'
activesupport (5.2.4) lib/active_support/tagged_logging.rb:28:in `tagged'
activesupport (5.2.4) lib/active_support/tagged_logging.rb:71:in `tagged'
railties (5.2.4) lib/rails/rack/logger.rb:26:in `call'
sprockets-rails (3.2.1) lib/sprockets/rails/quiet_assets.rb:13:in `call'
actionpack (5.2.4) lib/action_dispatch/middleware/remote_ip.rb:81:in `call'
actionpack (5.2.4) lib/action_dispatch/middleware/request_id.rb:27:in `call'
rack (2.1.2) lib/rack/method_override.rb:24:in `call'
rack (2.1.2) lib/rack/runtime.rb:24:in `call'
activesupport (5.2.4) lib/active_support/cache/strategy/local_cache_middleware.rb:29:in `call'
actionpack (5.2.4) lib/action_dispatch/middleware/executor.rb:14:in `call'
actionpack (5.2.4) lib/action_dispatch/middleware/static.rb:127:in `call'
rack (2.1.2) lib/rack/sendfile.rb:113:in `call'
railties (5.2.4) lib/rails/engine.rb:524:in `call'
rack (2.1.2) lib/rack/handler/webrick.rb:88:in `service'
/Users/dee/.rbenv/versions/2.4.1/lib/ruby/2.4.0/webrick/httpserver.rb:140:in `service'
/Users/dee/.rbenv/versions/2.4.1/lib/ruby/2.4.0/webrick/httpserver.rb:96:in `run'
/Users/dee/.rbenv/versions/2.4.1/lib/ruby/2.4.0/webrick/server.rb:290:in `block in start_thread'
Started GET "/" for ::1 at 2020-02-03 23:44:26 -0700
  [1m[35m (0.6ms)[0m  [1m[34mSELECT "schema_migrations"."version" FROM "schema_migrations" ORDER BY "schema_migrations"."version" ASC[0m
  ↳ /Users/dee/.rbenv/versions/2.4.1/lib/ruby/gems/2.4.0/gems/activerecord-5.2.4/lib/active_record/log_subscriber.rb:98
Processing by WelcomeController#index as HTML
  Rendering welcome/index.html.erb within layouts/application
  [1m[36mUser Load (0.6ms)[0m  [1m[34mSELECT  "users".* FROM "users" WHERE "users"."id" = $1 LIMIT $2[0m  [["id", 1], ["LIMIT", 1]]
  ↳ app/controllers/application_controller.rb:5
  Rendered welcome/index.html.erb within layouts/application (22.0ms)
Completed 200 OK in 220ms (Views: 203.8ms | ActiveRecord: 6.0ms)


Started POST "/notification" for ::1 at 2020-02-03 23:44:32 -0700
  
LoadError (Unable to autoload constant NotifcationsController, expected /Users/dee/Turing/3_mod/youve_changed/app/controllers/notifcations_controller.rb to define it):
  
activesupport (5.2.4) lib/active_support/dependencies.rb:511:in `load_missing_constant'
activesupport (5.2.4) lib/active_support/dependencies.rb:195:in `const_missing'
activesupport (5.2.4) lib/active_support/inflector/methods.rb:283:in `const_get'
activesupport (5.2.4) lib/active_support/inflector/methods.rb:283:in `block in constantize'
activesupport (5.2.4) lib/active_support/inflector/methods.rb:281:in `each'
activesupport (5.2.4) lib/active_support/inflector/methods.rb:281:in `inject'
activesupport (5.2.4) lib/active_support/inflector/methods.rb:281:in `constantize'
activesupport (5.2.4) lib/active_support/dependencies.rb:582:in `get'
activesupport (5.2.4) lib/active_support/dependencies.rb:613:in `constantize'
actionpack (5.2.4) lib/action_dispatch/http/request.rb:88:in `controller_class_for'
actionpack (5.2.4) lib/action_dispatch/http/parameters.rb:101:in `binary_params_for?'
actionpack (5.2.4) lib/action_dispatch/http/parameters.rb:92:in `set_binary_encoding'
actionpack (5.2.4) lib/action_dispatch/http/parameters.rb:69:in `path_parameters='
actionpack (5.2.4) lib/action_dispatch/journey/router.rb:50:in `block in serve'
actionpack (5.2.4) lib/action_dispatch/journey/router.rb:35:in `each'
actionpack (5.2.4) lib/action_dispatch/journey/router.rb:35:in `serve'
actionpack (5.2.4) lib/action_dispatch/routing/route_set.rb:840:in `call'
rack (2.1.2) lib/rack/tempfile_reaper.rb:17:in `call'
rack (2.1.2) lib/rack/etag.rb:27:in `call'
rack (2.1.2) lib/rack/conditional_get.rb:40:in `call'
rack (2.1.2) lib/rack/head.rb:14:in `call'
actionpack (5.2.4) lib/action_dispatch/http/content_security_policy.rb:18:in `call'
rack (2.1.2) lib/rack/session/abstract/id.rb:269:in `context'
rack (2.1.2) lib/rack/session/abstract/id.rb:263:in `call'
actionpack (5.2.4) lib/action_dispatch/middleware/cookies.rb:670:in `call'
activerecord (5.2.4) lib/active_record/migration.rb:559:in `call'
actionpack (5.2.4) lib/action_dispatch/middleware/callbacks.rb:28:in `block in call'
activesupport (5.2.4) lib/active_support/callbacks.rb:98:in `run_callbacks'
actionpack (5.2.4) lib/action_dispatch/middleware/callbacks.rb:26:in `call'
actionpack (5.2.4) lib/action_dispatch/middleware/executor.rb:14:in `call'
actionpack (5.2.4) lib/action_dispatch/middleware/debug_exceptions.rb:61:in `call'
web-console (3.7.0) lib/web_console/middleware.rb:135:in `call_app'
web-console (3.7.0) lib/web_console/middleware.rb:30:in `block in call'
web-console (3.7.0) lib/web_console/middleware.rb:20:in `catch'
web-console (3.7.0) lib/web_console/middleware.rb:20:in `call'
actionpack (5.2.4) lib/action_dispatch/middleware/show_exceptions.rb:33:in `call'
railties (5.2.4) lib/rails/rack/logger.rb:38:in `call_app'
railties (5.2.4) lib/rails/rack/logger.rb:26:in `block in call'
activesupport (5.2.4) lib/active_support/tagged_logging.rb:71:in `block in tagged'
activesupport (5.2.4) lib/active_support/tagged_logging.rb:28:in `tagged'
activesupport (5.2.4) lib/active_support/tagged_logging.rb:71:in `tagged'
railties (5.2.4) lib/rails/rack/logger.rb:26:in `call'
sprockets-rails (3.2.1) lib/sprockets/rails/quiet_assets.rb:13:in `call'
actionpack (5.2.4) lib/action_dispatch/middleware/remote_ip.rb:81:in `call'
actionpack (5.2.4) lib/action_dispatch/middleware/request_id.rb:27:in `call'
rack (2.1.2) lib/rack/method_override.rb:24:in `call'
rack (2.1.2) lib/rack/runtime.rb:24:in `call'
activesupport (5.2.4) lib/active_support/cache/strategy/local_cache_middleware.rb:29:in `call'
actionpack (5.2.4) lib/action_dispatch/middleware/executor.rb:14:in `call'
actionpack (5.2.4) lib/action_dispatch/middleware/static.rb:127:in `call'
rack (2.1.2) lib/rack/sendfile.rb:113:in `call'
railties (5.2.4) lib/rails/engine.rb:524:in `call'
rack (2.1.2) lib/rack/handler/webrick.rb:88:in `service'
/Users/dee/.rbenv/versions/2.4.1/lib/ruby/2.4.0/webrick/httpserver.rb:140:in `service'
/Users/dee/.rbenv/versions/2.4.1/lib/ruby/2.4.0/webrick/httpserver.rb:96:in `run'
/Users/dee/.rbenv/versions/2.4.1/lib/ruby/2.4.0/webrick/server.rb:290:in `block in start_thread'
Started PUT "/__web_console/repl_sessions/f376e5e2f8a9cdb960fc4102dc2ea9d6" for ::1 at 2020-02-03 23:44:43 -0700
Started PUT "/__web_console/repl_sessions/f376e5e2f8a9cdb960fc4102dc2ea9d6" for ::1 at 2020-02-03 23:44:44 -0700
Started POST "/__web_console/repl_sessions/f376e5e2f8a9cdb960fc4102dc2ea9d6/trace" for ::1 at 2020-02-03 23:45:50 -0700
Started POST "/notification" for ::1 at 2020-02-03 23:49:35 -0700
  [1m[35m (0.6ms)[0m  [1m[34mSELECT "schema_migrations"."version" FROM "schema_migrations" ORDER BY "schema_migrations"."version" ASC[0m
  ↳ /Users/dee/.rbenv/versions/2.4.1/lib/ruby/gems/2.4.0/gems/activerecord-5.2.4/lib/active_record/log_subscriber.rb:98
  
ActionController::RoutingError (uninitialized constant NotificationsController):
  
activesupport (5.2.4) lib/active_support/inflector/methods.rb:283:in `const_get'
activesupport (5.2.4) lib/active_support/inflector/methods.rb:283:in `block in constantize'
activesupport (5.2.4) lib/active_support/inflector/methods.rb:281:in `each'
activesupport (5.2.4) lib/active_support/inflector/methods.rb:281:in `inject'
activesupport (5.2.4) lib/active_support/inflector/methods.rb:281:in `constantize'
actionpack (5.2.4) lib/action_dispatch/http/request.rb:88:in `controller_class_for'
actionpack (5.2.4) lib/action_dispatch/http/request.rb:81:in `controller_class'
actionpack (5.2.4) lib/action_dispatch/routing/route_set.rb:46:in `controller'
actionpack (5.2.4) lib/action_dispatch/routing/route_set.rb:32:in `serve'
actionpack (5.2.4) lib/action_dispatch/journey/router.rb:52:in `block in serve'
actionpack (5.2.4) lib/action_dispatch/journey/router.rb:35:in `each'
actionpack (5.2.4) lib/action_dispatch/journey/router.rb:35:in `serve'
actionpack (5.2.4) lib/action_dispatch/routing/route_set.rb:840:in `call'
rack (2.1.2) lib/rack/tempfile_reaper.rb:17:in `call'
rack (2.1.2) lib/rack/etag.rb:27:in `call'
rack (2.1.2) lib/rack/conditional_get.rb:40:in `call'
rack (2.1.2) lib/rack/head.rb:14:in `call'
actionpack (5.2.4) lib/action_dispatch/http/content_security_policy.rb:18:in `call'
rack (2.1.2) lib/rack/session/abstract/id.rb:269:in `context'
rack (2.1.2) lib/rack/session/abstract/id.rb:263:in `call'
actionpack (5.2.4) lib/action_dispatch/middleware/cookies.rb:670:in `call'
activerecord (5.2.4) lib/active_record/migration.rb:559:in `call'
actionpack (5.2.4) lib/action_dispatch/middleware/callbacks.rb:28:in `block in call'
activesupport (5.2.4) lib/active_support/callbacks.rb:98:in `run_callbacks'
actionpack (5.2.4) lib/action_dispatch/middleware/callbacks.rb:26:in `call'
actionpack (5.2.4) lib/action_dispatch/middleware/executor.rb:14:in `call'
actionpack (5.2.4) lib/action_dispatch/middleware/debug_exceptions.rb:61:in `call'
web-console (3.7.0) lib/web_console/middleware.rb:135:in `call_app'
web-console (3.7.0) lib/web_console/middleware.rb:30:in `block in call'
web-console (3.7.0) lib/web_console/middleware.rb:20:in `catch'
web-console (3.7.0) lib/web_console/middleware.rb:20:in `call'
actionpack (5.2.4) lib/action_dispatch/middleware/show_exceptions.rb:33:in `call'
railties (5.2.4) lib/rails/rack/logger.rb:38:in `call_app'
railties (5.2.4) lib/rails/rack/logger.rb:26:in `block in call'
activesupport (5.2.4) lib/active_support/tagged_logging.rb:71:in `block in tagged'
activesupport (5.2.4) lib/active_support/tagged_logging.rb:28:in `tagged'
activesupport (5.2.4) lib/active_support/tagged_logging.rb:71:in `tagged'
railties (5.2.4) lib/rails/rack/logger.rb:26:in `call'
sprockets-rails (3.2.1) lib/sprockets/rails/quiet_assets.rb:13:in `call'
actionpack (5.2.4) lib/action_dispatch/middleware/remote_ip.rb:81:in `call'
actionpack (5.2.4) lib/action_dispatch/middleware/request_id.rb:27:in `call'
rack (2.1.2) lib/rack/method_override.rb:24:in `call'
rack (2.1.2) lib/rack/runtime.rb:24:in `call'
activesupport (5.2.4) lib/active_support/cache/strategy/local_cache_middleware.rb:29:in `call'
actionpack (5.2.4) lib/action_dispatch/middleware/executor.rb:14:in `call'
actionpack (5.2.4) lib/action_dispatch/middleware/static.rb:127:in `call'
rack (2.1.2) lib/rack/sendfile.rb:113:in `call'
railties (5.2.4) lib/rails/engine.rb:524:in `call'
rack (2.1.2) lib/rack/handler/webrick.rb:88:in `service'
/Users/dee/.rbenv/versions/2.4.1/lib/ruby/2.4.0/webrick/httpserver.rb:140:in `service'
/Users/dee/.rbenv/versions/2.4.1/lib/ruby/2.4.0/webrick/httpserver.rb:96:in `run'
/Users/dee/.rbenv/versions/2.4.1/lib/ruby/2.4.0/webrick/server.rb:290:in `block in start_thread'
Started GET "/notification" for ::1 at 2020-02-03 23:50:39 -0700
  [1m[35m (0.7ms)[0m  [1m[34mSELECT "schema_migrations"."version" FROM "schema_migrations" ORDER BY "schema_migrations"."version" ASC[0m
  ↳ /Users/dee/.rbenv/versions/2.4.1/lib/ruby/gems/2.4.0/gems/activerecord-5.2.4/lib/active_record/log_subscriber.rb:98
  
ActionController::RoutingError (No route matches [GET] "/notification"):
  
actionpack (5.2.4) lib/action_dispatch/middleware/debug_exceptions.rb:65:in `call'
web-console (3.7.0) lib/web_console/middleware.rb:135:in `call_app'
web-console (3.7.0) lib/web_console/middleware.rb:30:in `block in call'
web-console (3.7.0) lib/web_console/middleware.rb:20:in `catch'
web-console (3.7.0) lib/web_console/middleware.rb:20:in `call'
actionpack (5.2.4) lib/action_dispatch/middleware/show_exceptions.rb:33:in `call'
railties (5.2.4) lib/rails/rack/logger.rb:38:in `call_app'
railties (5.2.4) lib/rails/rack/logger.rb:26:in `block in call'
activesupport (5.2.4) lib/active_support/tagged_logging.rb:71:in `block in tagged'
activesupport (5.2.4) lib/active_support/tagged_logging.rb:28:in `tagged'
activesupport (5.2.4) lib/active_support/tagged_logging.rb:71:in `tagged'
railties (5.2.4) lib/rails/rack/logger.rb:26:in `call'
sprockets-rails (3.2.1) lib/sprockets/rails/quiet_assets.rb:13:in `call'
actionpack (5.2.4) lib/action_dispatch/middleware/remote_ip.rb:81:in `call'
actionpack (5.2.4) lib/action_dispatch/middleware/request_id.rb:27:in `call'
rack (2.1.2) lib/rack/method_override.rb:24:in `call'
rack (2.1.2) lib/rack/runtime.rb:24:in `call'
activesupport (5.2.4) lib/active_support/cache/strategy/local_cache_middleware.rb:29:in `call'
actionpack (5.2.4) lib/action_dispatch/middleware/executor.rb:14:in `call'
actionpack (5.2.4) lib/action_dispatch/middleware/static.rb:127:in `call'
rack (2.1.2) lib/rack/sendfile.rb:113:in `call'
railties (5.2.4) lib/rails/engine.rb:524:in `call'
rack (2.1.2) lib/rack/handler/webrick.rb:88:in `service'
/Users/dee/.rbenv/versions/2.4.1/lib/ruby/2.4.0/webrick/httpserver.rb:140:in `service'
/Users/dee/.rbenv/versions/2.4.1/lib/ruby/2.4.0/webrick/httpserver.rb:96:in `run'
/Users/dee/.rbenv/versions/2.4.1/lib/ruby/2.4.0/webrick/server.rb:290:in `block in start_thread'
Started GET "/" for ::1 at 2020-02-03 23:50:44 -0700
Processing by WelcomeController#index as HTML
  Rendering welcome/index.html.erb within layouts/application
  [1m[36mUser Load (0.4ms)[0m  [1m[34mSELECT  "users".* FROM "users" WHERE "users"."id" = $1 LIMIT $2[0m  [["id", 1], ["LIMIT", 1]]
  ↳ app/controllers/application_controller.rb:5
  Rendered welcome/index.html.erb within layouts/application (22.5ms)
Completed 200 OK in 210ms (Views: 202.6ms | ActiveRecord: 4.7ms)


Started POST "/notification" for ::1 at 2020-02-03 23:50:47 -0700
  
ActionController::RoutingError (uninitialized constant NotificationsController):
  
activesupport (5.2.4) lib/active_support/inflector/methods.rb:283:in `const_get'
activesupport (5.2.4) lib/active_support/inflector/methods.rb:283:in `block in constantize'
activesupport (5.2.4) lib/active_support/inflector/methods.rb:281:in `each'
activesupport (5.2.4) lib/active_support/inflector/methods.rb:281:in `inject'
activesupport (5.2.4) lib/active_support/inflector/methods.rb:281:in `constantize'
actionpack (5.2.4) lib/action_dispatch/http/request.rb:88:in `controller_class_for'
actionpack (5.2.4) lib/action_dispatch/http/request.rb:81:in `controller_class'
actionpack (5.2.4) lib/action_dispatch/routing/route_set.rb:46:in `controller'
actionpack (5.2.4) lib/action_dispatch/routing/route_set.rb:32:in `serve'
actionpack (5.2.4) lib/action_dispatch/journey/router.rb:52:in `block in serve'
actionpack (5.2.4) lib/action_dispatch/journey/router.rb:35:in `each'
actionpack (5.2.4) lib/action_dispatch/journey/router.rb:35:in `serve'
actionpack (5.2.4) lib/action_dispatch/routing/route_set.rb:840:in `call'
rack (2.1.2) lib/rack/tempfile_reaper.rb:17:in `call'
rack (2.1.2) lib/rack/etag.rb:27:in `call'
rack (2.1.2) lib/rack/conditional_get.rb:40:in `call'
rack (2.1.2) lib/rack/head.rb:14:in `call'
actionpack (5.2.4) lib/action_dispatch/http/content_security_policy.rb:18:in `call'
rack (2.1.2) lib/rack/session/abstract/id.rb:269:in `context'
rack (2.1.2) lib/rack/session/abstract/id.rb:263:in `call'
actionpack (5.2.4) lib/action_dispatch/middleware/cookies.rb:670:in `call'
activerecord (5.2.4) lib/active_record/migration.rb:559:in `call'
actionpack (5.2.4) lib/action_dispatch/middleware/callbacks.rb:28:in `block in call'
activesupport (5.2.4) lib/active_support/callbacks.rb:98:in `run_callbacks'
actionpack (5.2.4) lib/action_dispatch/middleware/callbacks.rb:26:in `call'
actionpack (5.2.4) lib/action_dispatch/middleware/executor.rb:14:in `call'
actionpack (5.2.4) lib/action_dispatch/middleware/debug_exceptions.rb:61:in `call'
web-console (3.7.0) lib/web_console/middleware.rb:135:in `call_app'
web-console (3.7.0) lib/web_console/middleware.rb:30:in `block in call'
web-console (3.7.0) lib/web_console/middleware.rb:20:in `catch'
web-console (3.7.0) lib/web_console/middleware.rb:20:in `call'
actionpack (5.2.4) lib/action_dispatch/middleware/show_exceptions.rb:33:in `call'
railties (5.2.4) lib/rails/rack/logger.rb:38:in `call_app'
railties (5.2.4) lib/rails/rack/logger.rb:26:in `block in call'
activesupport (5.2.4) lib/active_support/tagged_logging.rb:71:in `block in tagged'
activesupport (5.2.4) lib/active_support/tagged_logging.rb:28:in `tagged'
activesupport (5.2.4) lib/active_support/tagged_logging.rb:71:in `tagged'
railties (5.2.4) lib/rails/rack/logger.rb:26:in `call'
sprockets-rails (3.2.1) lib/sprockets/rails/quiet_assets.rb:13:in `call'
actionpack (5.2.4) lib/action_dispatch/middleware/remote_ip.rb:81:in `call'
actionpack (5.2.4) lib/action_dispatch/middleware/request_id.rb:27:in `call'
rack (2.1.2) lib/rack/method_override.rb:24:in `call'
rack (2.1.2) lib/rack/runtime.rb:24:in `call'
activesupport (5.2.4) lib/active_support/cache/strategy/local_cache_middleware.rb:29:in `call'
actionpack (5.2.4) lib/action_dispatch/middleware/executor.rb:14:in `call'
actionpack (5.2.4) lib/action_dispatch/middleware/static.rb:127:in `call'
rack (2.1.2) lib/rack/sendfile.rb:113:in `call'
railties (5.2.4) lib/rails/engine.rb:524:in `call'
rack (2.1.2) lib/rack/handler/webrick.rb:88:in `service'
/Users/dee/.rbenv/versions/2.4.1/lib/ruby/2.4.0/webrick/httpserver.rb:140:in `service'
/Users/dee/.rbenv/versions/2.4.1/lib/ruby/2.4.0/webrick/httpserver.rb:96:in `run'
/Users/dee/.rbenv/versions/2.4.1/lib/ruby/2.4.0/webrick/server.rb:290:in `block in start_thread'
Started GET "/" for ::1 at 2020-02-03 23:51:18 -0700
  [1m[35m (0.6ms)[0m  [1m[34mSELECT "schema_migrations"."version" FROM "schema_migrations" ORDER BY "schema_migrations"."version" ASC[0m
  ↳ /Users/dee/.rbenv/versions/2.4.1/lib/ruby/gems/2.4.0/gems/activerecord-5.2.4/lib/active_record/log_subscriber.rb:98
Processing by WelcomeController#index as HTML
  Rendering welcome/index.html.erb within layouts/application
  [1m[36mUser Load (0.3ms)[0m  [1m[34mSELECT  "users".* FROM "users" WHERE "users"."id" = $1 LIMIT $2[0m  [["id", 1], ["LIMIT", 1]]
  ↳ app/controllers/application_controller.rb:5
  Rendered welcome/index.html.erb within layouts/application (19.3ms)
Completed 200 OK in 185ms (Views: 171.1ms | ActiveRecord: 5.7ms)


Started POST "/notification" for ::1 at 2020-02-03 23:51:21 -0700
Processing by NotificationsController#create as HTML
  Parameters: {"utf8"=>"✓", "authenticity_token"=>"o0JCEmNqOMZIawyldzuYlQJ+RQsIH1JLU9zqNyIUDe8rHbMiGMJM57OjyggqvuomHdpOHTu3/YwzGPBrbzGSqw==", "email"=>"john@example.com", "commit"=>"Tell them"}
Completed 500 Internal Server Error in 3ms (ActiveRecord: 0.0ms)


  
NameError (uninitialized constant NotificationsController::FriendNotifier):
  
app/controllers/notifications_controller.rb:3:in `create'
Started GET "/" for ::1 at 2020-02-03 23:52:15 -0700
  [1m[35m (0.7ms)[0m  [1m[34mSELECT "schema_migrations"."version" FROM "schema_migrations" ORDER BY "schema_migrations"."version" ASC[0m
  ↳ /Users/dee/.rbenv/versions/2.4.1/lib/ruby/gems/2.4.0/gems/activerecord-5.2.4/lib/active_record/log_subscriber.rb:98
Processing by WelcomeController#index as HTML
  Rendering welcome/index.html.erb within layouts/application
  [1m[36mUser Load (0.3ms)[0m  [1m[34mSELECT  "users".* FROM "users" WHERE "users"."id" = $1 LIMIT $2[0m  [["id", 1], ["LIMIT", 1]]
  ↳ app/controllers/application_controller.rb:5
  Rendered welcome/index.html.erb within layouts/application (19.9ms)
Completed 200 OK in 185ms (Views: 170.7ms | ActiveRecord: 5.5ms)


Started POST "/notification" for ::1 at 2020-02-03 23:52:19 -0700
Processing by NotificationsController#create as HTML
  Parameters: {"utf8"=>"✓", "authenticity_token"=>"tkV8Thn1iB0qk6dj8+Ikmj/Eg4scE9LUPkDVXUcgd/4+Go1+Yl38PNFbYc6uZ1YpIGCInS+7fRNehM8BCgXoug==", "email"=>"john@example.com", "commit"=>"Tell them"}
  [1m[36mUser Load (0.3ms)[0m  [1m[34mSELECT  "users".* FROM "users" WHERE "users"."id" = $1 LIMIT $2[0m  [["id", 1], ["LIMIT", 1]]
  ↳ app/controllers/application_controller.rb:5
  Rendering friend_notifier_mailer/inform.html.erb within layouts/mailer
  Rendered friend_notifier_mailer/inform.html.erb within layouts/mailer (0.9ms)
  Rendering friend_notifier_mailer/inform.text.erb within layouts/mailer
  Rendered friend_notifier_mailer/inform.text.erb within layouts/mailer (0.6ms)
FriendNotifierMailer#inform: processed outbound mail in 238.6ms
Sent mail to john@example.com (208.6ms)
Date: Mon, 03 Feb 2020 23:52:19 -0700
From: no-reply@youvechanged.io
To: john@example.com
Message-ID: <5e3914a3cc2b1_1671c3fd9478e59a83876d@Diones-MacBook-Pro.local.mail>
Subject: Jane says your've changed
Mime-Version: 1.0
Content-Type: multipart/alternative;
 boundary="--==_mimepart_5e3914a3ca735_1671c3fd9478e59a838613";
 charset=UTF-8
Content-Transfer-Encoding: 7bit


----==_mimepart_5e3914a3ca735_1671c3fd9478e59a838613
Content-Type: text/plain;
 charset=UTF-8
Content-Transfer-Encoding: 7bit

Your "friend" Jane wanted to let you know that you've changed. Tell someone else that they've changed. It's your duty.


----==_mimepart_5e3914a3ca735_1671c3fd9478e59a838613
Content-Type: text/html;
 charset=UTF-8
Content-Transfer-Encoding: 7bit

<!DOCTYPE html>
<html>
  <head>
    <meta http-equiv="Content-Type" content="text/html; charset=utf-8" />
    <style>
      /* Email styles need to be inline */
    </style>
  </head>

  <body>
    Your "friend" Jane wanted to let you know that you've changed. Tell someone else that they've changed. It's your duty.

  </body>
</html>

----==_mimepart_5e3914a3ca735_1671c3fd9478e59a838613--

Redirected to http://localhost:3000/
Completed 302 Found in 996ms (ActiveRecord: 0.3ms)


Started GET "/" for ::1 at 2020-02-03 23:52:20 -0700
Processing by WelcomeController#index as HTML
  Rendering welcome/index.html.erb within layouts/application
  [1m[36mUser Load (0.3ms)[0m  [1m[34mSELECT  "users".* FROM "users" WHERE "users"."id" = $1 LIMIT $2[0m  [["id", 1], ["LIMIT", 1]]
  ↳ app/controllers/application_controller.rb:5
  Rendered welcome/index.html.erb within layouts/application (1.7ms)
Completed 200 OK in 20ms (Views: 17.2ms | ActiveRecord: 0.3ms)


